Arguments: 
  C:\Program Files\nodejs\node.exe C:\Users\INTEL\AppData\Roaming\npm\node_modules\yarn\bin\yarn.js add @types bcrypt bcrypt

PATH: 
  C:\Program Files\Git\mingw64\bin;C:\Program Files\Git\usr\bin;C:\Users\INTEL\bin;C:\Program Files\heroku\bin;C:\Python39;C:\Windows\system32;C:\Windows;C:\Windows\System32\Wbem;C:\Windows\System32\WindowsPowerShell\v1.0;C:\Windows\System32\OpenSSH;C:\Program Files (x86)\NVIDIA Corporation\PhysX\Common;C:\Program Files\nodejs;C:\ProgramData\chocolatey\bin;C:\Program Files\Git\cmd;C:\Users\INTEL\AppData\Local\Microsoft\WindowsApps;C:\Users\INTEL\AppData\Local\Programs\Microsoft VS Code\bin;C:\Users\INTEL\AppData\Roaming\npm;C:\Program Files\heroku\bin

Yarn version: 
  1.22.10

Node version: 
  14.15.4

Platform: 
  win32 x64

Trace: 
  Error: https://registry.yarnpkg.com/@types: Request "https://registry.yarnpkg.com/@types" returned a 405
      at Request.params.callback [as _callback] (C:\Users\INTEL\AppData\Roaming\npm\node_modules\yarn\lib\cli.js:66997:18)
      at Request.self.callback (C:\Users\INTEL\AppData\Roaming\npm\node_modules\yarn\lib\cli.js:140662:22)
      at Request.emit (events.js:315:20)
      at Request.<anonymous> (C:\Users\INTEL\AppData\Roaming\npm\node_modules\yarn\lib\cli.js:141634:10)
      at Request.emit (events.js:315:20)
      at IncomingMessage.<anonymous> (C:\Users\INTEL\AppData\Roaming\npm\node_modules\yarn\lib\cli.js:141556:12)
      at Object.onceWrapper (events.js:421:28)
      at IncomingMessage.emit (events.js:327:22)
      at endReadableNT (internal/streams/readable.js:1327:12)
      at processTicksAndRejections (internal/process/task_queues.js:80:21)

npm manifest: 
  {
    "name": "heroku-typescript",
    "engines": {
      "node": "14.15.4",
      "npm": "6.14.10"
    },
    "scripts": {
      "start": "ts-node src/server.ts",
      "start2": "tsc && node dist/server.js",
      "dev": "nodemon --exec ts-node src/server.ts",
      "con": "concurrently \"npm run dev\" \"cd ../admin-app && npm run start\" \"cd ../flipkart && npm run start\"",
      "dep": "git add . && git commit -m Heroku && git push origin master"
    },
    "dependencies": {
      "@types/cookie-parser": "^1.4.2",
      "@types/cors": "^2.8.9",
      "@types/express": "^4.0.36",
      "@types/jsonwebtoken": "^8.5.0",
      "@types/mongoose": "^5.10.3",
      "@types/multer": "^1.4.5",
      "@types/node": "^8.0.16",
      "@types/shortid": "0.0.29",
      "body-parser": "^1.19.0",
      "concurrently": "^3.5.0",
      "cookie-parser": "^1.4.5",
      "cors": "^2.8.5",
      "dotenv": "^8.2.0",
      "express": "^4.15.3",
      "express-validator": "^6.9.2",
      "jsonwebtoken": "^8.5.1",
      "mongoose": "^5.11.15",
      "multer": "^1.4.2",
      "nodemon": "^1.11.0",
      "shortid": "^2.2.16",
      "slugify": "^1.4.6",
      "ts-node": "^9.1.1",
      "typescript": "^3.5.1"
    },
    "devDependencies": {
      "@types/multer": "^1.4.5",
      "@types/shortid": "0.0.29"
    }
  }

yarn manifest: 
  No manifest

Lockfile: 
  No lockfile
